STATUS | wrapper  | 2022/05/27 17:11:21 | --> Wrapper Started as Console
STATUS | wrapper  | 2022/05/27 17:11:21 | Launching a JVM...
INFO   | jvm 1    | 2022/05/27 17:11:22 | Wrapper (Version 3.2.3) http://wrapper.tanukisoftware.org
INFO   | jvm 1    | 2022/05/27 17:11:22 |   Copyright 1999-2006 Tanuki Software, Inc.  All Rights Reserved.
INFO   | jvm 1    | 2022/05/27 17:11:22 | 
INFO   | jvm 1    | 2022/05/27 17:11:22 | Java Runtime: Oracle Corporation 11.0.15 C:\Program Files\Java\jdk-11.0.15
INFO   | jvm 1    | 2022/05/27 17:11:22 |   Heap sizes: current=262144k  free=252352k  max=1048576k
INFO   | jvm 1    | 2022/05/27 17:11:22 |     JVM args: -Dactivemq.home=../.. -Dactivemq.base=../.. -Djavax.net.ssl.keyStorePassword=password -Djavax.net.ssl.trustStorePassword=password -Djavax.net.ssl.keyStore=../../conf/broker.ks -Djavax.net.ssl.trustStore=../../conf/broker.ts -Dcom.sun.management.jmxremote -Dorg.apache.activemq.UseDedicatedTaskRunner=true -Djava.util.logging.config.file=logging.properties -Dactivemq.conf=../../conf -Dactivemq.data=../../data -Djava.security.auth.login.config=../../conf/login.config -Xmx1024m -Djava.library.path=../../bin/win64 -Dwrapper.key=0VPJenkHlgSBuXGj -Dwrapper.port=32000 -Dwrapper.jvm.port.min=31000 -Dwrapper.jvm.port.max=31999 -Dwrapper.pid=1116 -Dwrapper.version=3.2.3 -Dwrapper.native_library=wrapper -Dwrapper.cpu.timeout=10 -Dwrapper.jvmid=1
INFO   | jvm 1    | 2022/05/27 17:11:22 | Extensions classpath:
INFO   | jvm 1    | 2022/05/27 17:11:22 |   [..\..\lib,..\..\lib\camel,..\..\lib\optional,..\..\lib\web,..\..\lib\extra]
INFO   | jvm 1    | 2022/05/27 17:11:22 | ACTIVEMQ_HOME: ..\..
INFO   | jvm 1    | 2022/05/27 17:11:22 | ACTIVEMQ_BASE: ..\..
INFO   | jvm 1    | 2022/05/27 17:11:22 | ACTIVEMQ_CONF: ..\..\conf
INFO   | jvm 1    | 2022/05/27 17:11:22 | ACTIVEMQ_DATA: ..\..\data
INFO   | jvm 1    | 2022/05/27 17:11:22 | Loading message broker from: xbean:activemq.xml
INFO   | jvm 1    | 2022/05/27 17:11:22 |  INFO | Refreshing org.apache.activemq.xbean.XBeanBrokerFactory$1@4d1a227d: startup date [Fri May 27 17:11:22 IST 2022]; root of context hierarchy
INFO   | jvm 1    | 2022/05/27 17:11:23 |  INFO | Using Persistence Adapter: KahaDBPersistenceAdapter[C:\Users\Administrator\Downloads\apache-activemq-5.16.0\bin\win64\..\..\data\kahadb]
INFO   | jvm 1    | 2022/05/27 17:11:25 |  INFO | PListStore:[C:\Users\Administrator\Downloads\apache-activemq-5.16.0\bin\win64\..\..\data\localhost\tmp_storage] started
INFO   | jvm 1    | 2022/05/27 17:11:25 |  INFO | Apache ActiveMQ 5.16.0 (localhost, ID:WINDOWS-BVQNF6J-64695-1653651685100-0:1) is starting
INFO   | jvm 1    | 2022/05/27 17:11:25 |  INFO | Listening for connections at: tcp://WINDOWS-BVQNF6J:61616?maximumConnections=1000&wireFormat.maxFrameSize=104857600
INFO   | jvm 1    | 2022/05/27 17:11:25 |  INFO | Connector openwire started
INFO   | jvm 1    | 2022/05/27 17:11:25 |  INFO | Listening for connections at: amqp://WINDOWS-BVQNF6J:5672?maximumConnections=1000&wireFormat.maxFrameSize=104857600
INFO   | jvm 1    | 2022/05/27 17:11:25 |  INFO | Connector amqp started
INFO   | jvm 1    | 2022/05/27 17:11:25 |  INFO | Listening for connections at: stomp://WINDOWS-BVQNF6J:61613?maximumConnections=1000&wireFormat.maxFrameSize=104857600
INFO   | jvm 1    | 2022/05/27 17:11:25 |  INFO | Connector stomp started
INFO   | jvm 1    | 2022/05/27 17:11:25 |  INFO | Listening for connections at: mqtt://WINDOWS-BVQNF6J:1883?maximumConnections=1000&wireFormat.maxFrameSize=104857600
INFO   | jvm 1    | 2022/05/27 17:11:25 |  INFO | Connector mqtt started
INFO   | jvm 1    | 2022/05/27 17:11:25 |  INFO | Starting Jetty server
INFO   | jvm 1    | 2022/05/27 17:11:25 |  INFO | Creating Jetty connector
INFO   | jvm 1    | 2022/05/27 17:11:25 |  WARN | ServletContext@o.e.j.s.ServletContextHandler@4e4e5781{/,null,STARTING} has uncovered http methods for path: /
INFO   | jvm 1    | 2022/05/27 17:11:25 |  INFO | Listening for connections at ws://WINDOWS-BVQNF6J:61614?maximumConnections=1000&wireFormat.maxFrameSize=104857600
INFO   | jvm 1    | 2022/05/27 17:11:25 |  INFO | Connector ws started
INFO   | jvm 1    | 2022/05/27 17:11:25 |  INFO | Apache ActiveMQ 5.16.0 (localhost, ID:WINDOWS-BVQNF6J-64695-1653651685100-0:1) started
INFO   | jvm 1    | 2022/05/27 17:11:25 |  INFO | For help or more information please see: http://activemq.apache.org
INFO   | jvm 1    | 2022/05/27 17:11:26 |  INFO | ActiveMQ WebConsole available at http://127.0.0.1:8161/
INFO   | jvm 1    | 2022/05/27 17:11:26 |  INFO | ActiveMQ Jolokia REST API available at http://127.0.0.1:8161/api/jolokia/
INFO   | jvm 1    | 2022/05/27 17:28:52 |  INFO | Connector vm://localhost started
INFO   | jvm 1    | 2022/05/27 18:17:26 |  INFO | Connector vm://localhost stopped
STATUS | wrapper  | 2022/05/27 19:08:57 | CTRL-C trapped.  Shutting down.
INFO   | jvm 1    | 2022/05/27 19:08:58 |  INFO | Apache ActiveMQ 5.16.0 (localhost, ID:WINDOWS-BVQNF6J-64695-1653651685100-0:1) is shutting down
INFO   | jvm 1    | 2022/05/27 19:08:58 |  INFO | Connector openwire stopped
INFO   | jvm 1    | 2022/05/27 19:08:58 |  INFO | Connector amqp stopped
INFO   | jvm 1    | 2022/05/27 19:08:58 |  INFO | Connector stomp stopped
INFO   | jvm 1    | 2022/05/27 19:08:58 |  INFO | Connector mqtt stopped
INFO   | jvm 1    | 2022/05/27 19:08:58 |  INFO | Connector ws stopped
INFO   | jvm 1    | 2022/05/27 19:08:58 |  INFO | PListStore:[C:\Users\Administrator\Downloads\apache-activemq-5.16.0\bin\win64\..\..\data\localhost\tmp_storage] stopped
INFO   | jvm 1    | 2022/05/27 19:08:58 |  INFO | Stopping async queue tasks
INFO   | jvm 1    | 2022/05/27 19:08:58 |  INFO | Stopping async topic tasks
INFO   | jvm 1    | 2022/05/27 19:08:58 |  INFO | Stopped KahaDB
INFO   | jvm 1    | 2022/05/27 19:08:58 |  INFO | Apache ActiveMQ 5.16.0 (localhost, ID:WINDOWS-BVQNF6J-64695-1653651685100-0:1) uptime 1 hour 57 minutes
INFO   | jvm 1    | 2022/05/27 19:08:58 |  INFO | Apache ActiveMQ 5.16.0 (localhost, ID:WINDOWS-BVQNF6J-64695-1653651685100-0:1) is shutdown
INFO   | jvm 1    | 2022/05/27 19:08:58 |  INFO | Closing org.apache.activemq.xbean.XBeanBrokerFactory$1@4d1a227d: startup date [Fri May 27 17:11:22 IST 2022]; root of context hierarchy
STATUS | wrapper  | 2022/05/27 19:08:58 | <-- Wrapper Stopped
STATUS | wrapper  | 2022/06/17 12:12:36 | --> Wrapper Started as Console
STATUS | wrapper  | 2022/06/17 12:12:37 | Launching a JVM...
INFO   | jvm 1    | 2022/06/17 12:12:37 | Wrapper (Version 3.2.3) http://wrapper.tanukisoftware.org
INFO   | jvm 1    | 2022/06/17 12:12:37 |   Copyright 1999-2006 Tanuki Software, Inc.  All Rights Reserved.
INFO   | jvm 1    | 2022/06/17 12:12:37 | 
INFO   | jvm 1    | 2022/06/17 12:12:37 | Java Runtime: Oracle Corporation 11.0.15 C:\Program Files\Java\jdk-11.0.15
INFO   | jvm 1    | 2022/06/17 12:12:37 |   Heap sizes: current=262144k  free=252352k  max=1048576k
INFO   | jvm 1    | 2022/06/17 12:12:37 |     JVM args: -Dactivemq.home=../.. -Dactivemq.base=../.. -Djavax.net.ssl.keyStorePassword=password -Djavax.net.ssl.trustStorePassword=password -Djavax.net.ssl.keyStore=../../conf/broker.ks -Djavax.net.ssl.trustStore=../../conf/broker.ts -Dcom.sun.management.jmxremote -Dorg.apache.activemq.UseDedicatedTaskRunner=true -Djava.util.logging.config.file=logging.properties -Dactivemq.conf=../../conf -Dactivemq.data=../../data -Djava.security.auth.login.config=../../conf/login.config -Xmx1024m -Djava.library.path=../../bin/win64 -Dwrapper.key=falwZOEEdWL7DKLd -Dwrapper.port=32000 -Dwrapper.jvm.port.min=31000 -Dwrapper.jvm.port.max=31999 -Dwrapper.pid=7872 -Dwrapper.version=3.2.3 -Dwrapper.native_library=wrapper -Dwrapper.cpu.timeout=10 -Dwrapper.jvmid=1
INFO   | jvm 1    | 2022/06/17 12:12:37 | Extensions classpath:
INFO   | jvm 1    | 2022/06/17 12:12:37 |   [..\..\lib,..\..\lib\camel,..\..\lib\optional,..\..\lib\web,..\..\lib\extra]
INFO   | jvm 1    | 2022/06/17 12:12:37 | ACTIVEMQ_HOME: ..\..
INFO   | jvm 1    | 2022/06/17 12:12:37 | ACTIVEMQ_BASE: ..\..
INFO   | jvm 1    | 2022/06/17 12:12:37 | ACTIVEMQ_CONF: ..\..\conf
INFO   | jvm 1    | 2022/06/17 12:12:37 | ACTIVEMQ_DATA: ..\..\data
INFO   | jvm 1    | 2022/06/17 12:12:38 | Loading message broker from: xbean:activemq.xml
INFO   | jvm 1    | 2022/06/17 12:12:38 |  INFO | Refreshing org.apache.activemq.xbean.XBeanBrokerFactory$1@1f1b2497: startup date [Fri Jun 17 12:12:38 IST 2022]; root of context hierarchy
INFO   | jvm 1    | 2022/06/17 12:12:39 |  INFO | Using Persistence Adapter: KahaDBPersistenceAdapter[C:\Users\Administrator\Downloads\apache-activemq-5.16.0\bin\win64\..\..\data\kahadb]
INFO   | jvm 1    | 2022/06/17 12:12:39 |  INFO | KahaDB is version 7
INFO   | jvm 1    | 2022/06/17 12:12:39 |  INFO | PListStore:[C:\Users\Administrator\Downloads\apache-activemq-5.16.0\bin\win64\..\..\data\localhost\tmp_storage] started
INFO   | jvm 1    | 2022/06/17 12:12:39 |  INFO | Apache ActiveMQ 5.16.0 (localhost, ID:WINDOWS-BVQNF6J-56007-1655448159728-0:1) is starting
INFO   | jvm 1    | 2022/06/17 12:12:39 |  INFO | Listening for connections at: tcp://WINDOWS-BVQNF6J:61616?maximumConnections=1000&wireFormat.maxFrameSize=104857600
INFO   | jvm 1    | 2022/06/17 12:12:39 |  INFO | Connector openwire started
INFO   | jvm 1    | 2022/06/17 12:12:39 |  INFO | Listening for connections at: amqp://WINDOWS-BVQNF6J:5672?maximumConnections=1000&wireFormat.maxFrameSize=104857600
INFO   | jvm 1    | 2022/06/17 12:12:39 |  INFO | Connector amqp started
INFO   | jvm 1    | 2022/06/17 12:12:39 |  INFO | Listening for connections at: stomp://WINDOWS-BVQNF6J:61613?maximumConnections=1000&wireFormat.maxFrameSize=104857600
INFO   | jvm 1    | 2022/06/17 12:12:39 |  INFO | Connector stomp started
INFO   | jvm 1    | 2022/06/17 12:12:39 |  INFO | Listening for connections at: mqtt://WINDOWS-BVQNF6J:1883?maximumConnections=1000&wireFormat.maxFrameSize=104857600
INFO   | jvm 1    | 2022/06/17 12:12:39 |  INFO | Connector mqtt started
INFO   | jvm 1    | 2022/06/17 12:12:39 |  INFO | Starting Jetty server
INFO   | jvm 1    | 2022/06/17 12:12:40 |  INFO | Creating Jetty connector
INFO   | jvm 1    | 2022/06/17 12:12:40 |  WARN | ServletContext@o.e.j.s.ServletContextHandler@66d6bf9d{/,null,STARTING} has uncovered http methods for path: /
INFO   | jvm 1    | 2022/06/17 12:12:40 |  INFO | Listening for connections at ws://WINDOWS-BVQNF6J:61614?maximumConnections=1000&wireFormat.maxFrameSize=104857600
INFO   | jvm 1    | 2022/06/17 12:12:40 |  INFO | Connector ws started
INFO   | jvm 1    | 2022/06/17 12:12:40 |  INFO | Apache ActiveMQ 5.16.0 (localhost, ID:WINDOWS-BVQNF6J-56007-1655448159728-0:1) started
INFO   | jvm 1    | 2022/06/17 12:12:40 |  INFO | For help or more information please see: http://activemq.apache.org
INFO   | jvm 1    | 2022/06/17 12:12:41 |  INFO | ActiveMQ WebConsole available at http://127.0.0.1:8161/
INFO   | jvm 1    | 2022/06/17 12:12:41 |  INFO | ActiveMQ Jolokia REST API available at http://127.0.0.1:8161/api/jolokia/
INFO   | jvm 1    | 2022/06/17 13:08:08 |  INFO | Connector vm://localhost started
INFO   | jvm 1    | 2022/06/17 14:02:41 |  INFO | Connector vm://localhost stopped
STATUS | wrapper  | 2022/06/17 14:05:14 | CTRL-C trapped.  Shutting down.
INFO   | jvm 1    | 2022/06/17 14:05:15 |  INFO | Apache ActiveMQ 5.16.0 (localhost, ID:WINDOWS-BVQNF6J-56007-1655448159728-0:1) is shutting down
INFO   | jvm 1    | 2022/06/17 14:05:15 |  INFO | Connector openwire stopped
INFO   | jvm 1    | 2022/06/17 14:05:15 |  INFO | Connector amqp stopped
INFO   | jvm 1    | 2022/06/17 14:05:15 |  INFO | Connector stomp stopped
INFO   | jvm 1    | 2022/06/17 14:05:15 |  INFO | Connector mqtt stopped
INFO   | jvm 1    | 2022/06/17 14:05:15 |  INFO | Connector ws stopped
INFO   | jvm 1    | 2022/06/17 14:05:15 |  INFO | PListStore:[C:\Users\Administrator\Downloads\apache-activemq-5.16.0\bin\win64\..\..\data\localhost\tmp_storage] stopped
INFO   | jvm 1    | 2022/06/17 14:05:15 |  INFO | Stopping async queue tasks
INFO   | jvm 1    | 2022/06/17 14:05:15 |  INFO | Stopping async topic tasks
INFO   | jvm 1    | 2022/06/17 14:05:15 |  INFO | Stopped KahaDB
INFO   | jvm 1    | 2022/06/17 14:05:15 |  INFO | Apache ActiveMQ 5.16.0 (localhost, ID:WINDOWS-BVQNF6J-56007-1655448159728-0:1) uptime 1 hour 52 minutes
INFO   | jvm 1    | 2022/06/17 14:05:15 |  INFO | Apache ActiveMQ 5.16.0 (localhost, ID:WINDOWS-BVQNF6J-56007-1655448159728-0:1) is shutdown
INFO   | jvm 1    | 2022/06/17 14:05:15 |  INFO | Closing org.apache.activemq.xbean.XBeanBrokerFactory$1@1f1b2497: startup date [Fri Jun 17 12:12:38 IST 2022]; root of context hierarchy
STATUS | wrapper  | 2022/06/17 14:05:16 | <-- Wrapper Stopped
